<?xml version="1.0" encoding="utf-8"?><testsuites name="pytest tests"><testsuite name="pytest" errors="0" failures="0" skipped="0" tests="17" time="6.419" timestamp="2026-07-25T22:06:30.826060+00:00" hostname="agent-env-83ed5bd9-3b75-4b27-8201-0f1ca55fb2e9"><testcase classname="test_iteration5" name="test_themes_list" time="0.237" /><testcase classname="test_iteration5" name="test_public_user_has_theme_and_unlocked" time="0.291" /><testcase classname="test_iteration5" name="test_theme_select_unknown" time="0.066" /><testcase classname="test_iteration5" name="test_theme_select_locked_returns_403" time="0.063" /><testcase classname="test_iteration5" name="test_theme_select_unlocked_ok" time="0.110" /><testcase classname="test_iteration5" name="test_theme_unlocks_grow_with_xp" time="0.480" /><testcase classname="test_iteration5" name="test_weekly_leaderboard_shape" time="0.142" /><testcase classname="test_iteration5" name="test_weekly_leaderboard_game_filter" time="0.152" /><testcase classname="test_iteration5" name="test_weekly_leaderboard_unknown_game_400" time="0.059" /><testcase classname="test_iteration5" name="test_friend_self_add_400" time="0.059" /><testcase classname="test_iteration5" name="test_friend_unknown_email_404" time="0.053" /><testcase classname="test_iteration5" name="test_friends_add_list_mutual_online" time="0.549" /><testcase classname="test_iteration5" name="test_friend_remove" time="0.767" /><testcase classname="test_iteration5" name="test_rematch_requires_ended" time="0.110" /><testcase classname="test_iteration5" name="test_rematch_not_a_player_403" time="0.832" /><testcase classname="test_iteration5" name="test_rematch_host_wins_keeps_roles" time="1.193" /><testcase classname="test_iteration5" name="test_rematch_guest_wins_swaps_roles" time="1.176" /></testsuite></testsuites>