<?xml version="1.0" encoding="utf-8"?><testsuites name="pytest tests"><testsuite name="pytest" errors="0" failures="0" skipped="0" tests="15" time="2.744" timestamp="2026-07-25T19:34:05.412656+00:00" hostname="agent-env-83ed5bd9-3b75-4b27-8201-0f1ca55fb2e9"><testcase classname="tests.backend_test" name="test_root" time="0.168" /><testcase classname="tests.backend_test" name="test_register_and_duplicate" time="0.319" /><testcase classname="tests.backend_test" name="test_register_response_shape" time="0.000" /><testcase classname="tests.backend_test" name="test_login_admin" time="0.273" /><testcase classname="tests.backend_test" name="test_login_wrong_password" time="0.580" /><testcase classname="tests.backend_test" name="test_me_with_token" time="0.048" /><testcase classname="tests.backend_test" name="test_me_without_token" time="0.043" /><testcase classname="tests.backend_test" name="test_submit_unknown_game" time="0.045" /><testcase classname="tests.backend_test" name="test_submit_updates_stats_desc" time="0.100" /><testcase classname="tests.backend_test" name="test_submit_memory_asc" time="0.360" /><testcase classname="tests.backend_test" name="test_submit_no_auth" time="0.044" /><testcase classname="tests.backend_test" name="test_leaderboard_overall" time="0.045" /><testcase classname="tests.backend_test" name="test_leaderboard_per_game" time="0.045" /><testcase classname="tests.backend_test" name="test_leaderboard_unknown_game" time="0.044" /><testcase classname="tests.backend_test" name="test_games_meta" time="0.044" /></testsuite></testsuites>