<?xml version="1.0" encoding="utf-8"?><testsuites name="pytest tests"><testsuite name="pytest" errors="0" failures="0" skipped="0" tests="18" time="3.725" timestamp="2026-07-25T19:55:03.966385+00:00" hostname="agent-env-83ed5bd9-3b75-4b27-8201-0f1ca55fb2e9"><testcase classname="tests.backend_test" name="test_root" time="0.273" /><testcase classname="tests.backend_test" name="test_login_admin" time="0.277" /><testcase classname="tests.backend_test" name="test_login_wrong_password" time="0.266" /><testcase classname="tests.backend_test" name="test_me_without_token" time="0.046" /><testcase classname="tests.backend_test" name="test_games_meta_has_9" time="0.044" /><testcase classname="tests.backend_test" name="test_submit_new_games[chess]" time="0.363" /><testcase classname="tests.backend_test" name="test_submit_new_games[uno]" time="0.366" /><testcase classname="tests.backend_test" name="test_submit_new_games[ludo]" time="0.364" /><testcase classname="tests.backend_test" name="test_submit_unknown_game" time="0.315" /><testcase classname="tests.backend_test" name="test_submit_no_auth" time="0.042" /><testcase classname="tests.backend_test" name="test_challenge_today_requires_auth" time="0.050" /><testcase classname="tests.backend_test" name="test_challenge_today_shape" time="0.044" /><testcase classname="tests.backend_test" name="test_challenge_deterministic_per_day" time="0.087" /><testcase classname="tests.backend_test" name="test_challenge_completion_awards_bonus" time="0.451" /><testcase classname="tests.backend_test" name="test_leaderboard_new_games[chess]" time="0.050" /><testcase classname="tests.backend_test" name="test_leaderboard_new_games[uno]" time="0.044" /><testcase classname="tests.backend_test" name="test_leaderboard_new_games[ludo]" time="0.045" /><testcase classname="tests.backend_test" name="test_leaderboard_unknown_game" time="0.044" /></testsuite></testsuites>